app/build/outputs/logs/manifest-merger-debug-report.txt
-- Merging decision tree log ---
manifest
ADDED from src/main/AndroidManifest.xml:2:1-66:12
	xmlns:android
		ADDED from src/main/AndroidManifest.xml:2:11-69
	package
		ADDED from src/main/AndroidManifest.xml:3:5-45
		INJECTED from src/main/AndroidManifest.xml
		INJECTED from src/main/AndroidManifest.xml
	android:versionName
		ADDED from src/main/AndroidManifest.xml:5:5-32
		INJECTED from src/main/AndroidManifest.xml
		INJECTED from src/main/AndroidManifest.xml
	android:versionCode
		ADDED from src/main/AndroidManifest.xml:4:5-28
		INJECTED from src/main/AndroidManifest.xml
		INJECTED from src/main/AndroidManifest.xml
uses-sdk
ADDED from src/main/AndroidManifest.xml:7:5-9:41
	android:targetSdkVersion
		ADDED from src/main/AndroidManifest.xml:9:9-38
		INJECTED from src/main/AndroidManifest.xml
		INJECTED from src/main/AndroidManifest.xml
	android:minSdkVersion
		ADDED from src/main/AndroidManifest.xml:8:9-35
		INJECTED from src/main/AndroidManifest.xml
		INJECTED from src/main/AndroidManifest.xml
uses-permission#android.permission.RECEIVE_SMS
ADDED from src/main/AndroidManifest.xml:11:5-12:23
	android:name
		ADDED from src/main/AndroidManifest.xml:11:22-67
uses-permission#android.permission.SEND_SMS
ADDED from src/main/AndroidManifest.xml:13:5-66
	android:name
		ADDED from src/main/AndroidManifest.xml:13:22-64
uses-permission#android.permission.ACCESS_FINE_LOCATION
ADDED from src/main/AndroidManifest.xml:14:5-78
	android:name
		ADDED from src/main/AndroidManifest.xml:14:22-76
uses-permission#android.permission.ACCESS_COARSE_LOCATION
ADDED from src/main/AndroidManifest.xml:15:5-80
	android:name
		ADDED from src/main/AndroidManifest.xml:15:22-78
uses-permission#android.permission.DEVICE_POWE
ADDED from src/main/AndroidManifest.xml:16:5-69
	android:name
		ADDED from src/main/AndroidManifest.xml:16:22-67
application
ADDED from src/main/AndroidManifest.xml:18:5-64:19
	android:label
		ADDED from src/main/AndroidManifest.xml:21:9-41
	android:allowBackup
		ADDED from src/main/AndroidManifest.xml:19:9-35
	android:icon
		ADDED from src/main/AndroidManifest.xml:20:9-45
	android:theme
		ADDED from src/main/AndroidManifest.xml:22:9-40
activity#ru.qrck.liberate.te.ex.inferis.MainActivity
ADDED from src/main/AndroidManifest.xml:23:9-31:20
	android:label
		ADDED from src/main/AndroidManifest.xml:25:13-45
	android:name
		ADDED from src/main/AndroidManifest.xml:24:13-71
intent-filter#android.intent.action.MAIN+android.intent.category.LAUNCHER
ADDED from src/main/AndroidManifest.xml:26:13-30:29
action#android.intent.action.MAIN
ADDED from src/main/AndroidManifest.xml:27:17-69
	android:name
		ADDED from src/main/AndroidManifest.xml:27:25-66
category#android.intent.category.LAUNCHER
ADDED from src/main/AndroidManifest.xml:29:17-77
	android:name
		ADDED from src/main/AndroidManifest.xml:29:27-74
receiver#ru.qrck.liberate.te.ex.inferis.SmsBroadcastReceiver
ADDED from src/main/AndroidManifest.xml:33:9-40:20
	android:exported
		ADDED from src/main/AndroidManifest.xml:35:13-36
	android:name
		ADDED from src/main/AndroidManifest.xml:34:13-79
intent-filter#android.provider.Telephony.SMS_RECEIVED
ADDED from src/main/AndroidManifest.xml:36:13-39:29
	android:priority
		ADDED from src/main/AndroidManifest.xml:36:28-50
action#android.provider.Telephony.SMS_RECEIVED
ADDED from src/main/AndroidManifest.xml:37:17-38:26
	android:name
		ADDED from src/main/AndroidManifest.xml:37:25-79
receiver#ru.qrck.liberate.te.ex.inferis.MainActivity$MyDeviceAdminReceiver
ADDED from src/main/AndroidManifest.xml:41:9-53:20
	android:label
		ADDED from src/main/AndroidManifest.xml:44:13-61
	android:description
		ADDED from src/main/AndroidManifest.xml:43:13-67
	android:permission
		ADDED from src/main/AndroidManifest.xml:45:13-70
	android:name
		ADDED from src/main/AndroidManifest.xml:42:13-93
meta-data#android.app.device_admin
ADDED from src/main/AndroidManifest.xml:46:13-48:63
	android:resource
		ADDED from src/main/AndroidManifest.xml:48:17-60
	android:name
		ADDED from src/main/AndroidManifest.xml:47:17-56
intent-filter#android.app.action.DEVICE_ADMIN_ENABLED
ADDED from src/main/AndroidManifest.xml:50:13-52:29
action#android.app.action.DEVICE_ADMIN_ENABLED
ADDED from src/main/AndroidManifest.xml:51:17-82
	android:name
		ADDED from src/main/AndroidManifest.xml:51:25-79
activity#ru.qrck.liberate.te.ex.inferis.SetPasswordActivity
ADDED from src/main/AndroidManifest.xml:55:9-63:20
	android:windowSoftInputMode
		ADDED from src/main/AndroidManifest.xml:59:13-68
	android:label
		ADDED from src/main/AndroidManifest.xml:57:13-64
	android:parentActivityName
		ADDED from src/main/AndroidManifest.xml:58:13-55
	android:name
		ADDED from src/main/AndroidManifest.xml:56:13-78
meta-data#android.support.PARENT_ACTIVITY
ADDED from src/main/AndroidManifest.xml:60:13-62:49
	android:name
		ADDED from src/main/AndroidManifest.xml:61:17-63
	android:value
		ADDED from src/main/AndroidManifest.xml:62:17-46